<?xml version="1.0" encoding="UTF-8"?>
<testsuite xmlns:xsi="http://www.w3.org/2001/XMLSchema-instance" xsi:noNamespaceSchemaLocation="https://maven.apache.org/surefire/maven-surefire-plugin/xsd/surefire-test-report.xsd" name="turingmachine.PalindromeTest" time="1.503" tests="100" errors="0" skipped="0" failures="0">
  <properties>
[...]
</properties>
  <testcase name="test[0]" classname="turingmachine.PalindromeTest" time="0.041"/>
  <testcase name="test[1]" classname="turingmachine.PalindromeTest" time="0.012"/>
  <testcase name="test[2]" classname="turingmachine.PalindromeTest" time="0.012"/>
  <testcase name="test[3]" classname="turingmachine.PalindromeTest" time="0.011"/>
  <testcase name="test[4]" classname="turingmachine.PalindromeTest" time="0.011"/>
  <testcase name="test[5]" classname="turingmachine.PalindromeTest" time="0.011"/>
  <testcase name="test[6]" classname="turingmachine.PalindromeTest" time="0.011"/>
  <testcase name="test[7]" classname="turingmachine.PalindromeTest" time="0.01"/>
  <testcase name="test[8]" classname="turingmachine.PalindromeTest" time="0.011"/>
  <testcase name="test[9]" classname="turingmachine.PalindromeTest" time="0.01"/>
  <testcase name="test[10]" classname="turingmachine.PalindromeTest" time="0.01"/>
  <testcase name="test[11]" classname="turingmachine.PalindromeTest" time="0.01"/>
  <testcase name="test[12]" classname="turingmachine.PalindromeTest" time="0.015"/>
  <testcase name="test[13]" classname="turingmachine.PalindromeTest" time="0.016"/>
  <testcase name="test[14]" classname="turingmachine.PalindromeTest" time="0.015"/>
  <testcase name="test[15]" classname="turingmachine.PalindromeTest" time="0.014"/>
  <testcase name="test[16]" classname="turingmachine.PalindromeTest" time="0.011"/>
  <testcase name="test[17]" classname="turingmachine.PalindromeTest" time="0.01"/>
  <testcase name="test[18]" classname="turingmachine.PalindromeTest" time="0.01"/>
  <testcase name="test[19]" classname="turingmachine.PalindromeTest" time="0.011"/>
  <testcase name="test[20]" classname="turingmachine.PalindromeTest" time="0.013"/>
  <testcase name="test[21]" classname="turingmachine.PalindromeTest" time="0.011"/>
  <testcase name="test[22]" classname="turingmachine.PalindromeTest" time="0.012"/>
  <testcase name="test[23]" classname="turingmachine.PalindromeTest" time="0.012"/>
  <testcase name="test[24]" classname="turingmachine.PalindromeTest" time="0.009"/>
  <testcase name="test[25]" classname="turingmachine.PalindromeTest" time="0.01"/>
  <testcase name="test[26]" classname="turingmachine.PalindromeTest" time="0.01"/>
  <testcase name="test[27]" classname="turingmachine.PalindromeTest" time="0.009"/>
  <testcase name="test[28]" classname="turingmachine.PalindromeTest" time="0.008"/>
  <testcase name="test[29]" classname="turingmachine.PalindromeTest" time="0.009"/>
  <testcase name="test[30]" classname="turingmachine.PalindromeTest" time="0.009"/>
  <testcase name="test[31]" classname="turingmachine.PalindromeTest" time="0.01"/>
  <testcase name="test[32]" classname="turingmachine.PalindromeTest" time="0.009"/>
  <testcase name="test[33]" classname="turingmachine.PalindromeTest" time="0.01"/>
  <testcase name="test[34]" classname="turingmachine.PalindromeTest" time="0.01"/>
  <testcase name="test[35]" classname="turingmachine.PalindromeTest" time="0.011"/>
  <testcase name="test[36]" classname="turingmachine.PalindromeTest" time="0.013"/>
  <testcase name="test[37]" classname="turingmachine.PalindromeTest" time="0.014"/>
  <testcase name="test[38]" classname="turingmachine.PalindromeTest" time="0.011"/>
  <testcase name="test[39]" classname="turingmachine.PalindromeTest" time="0.01"/>
  <testcase name="test[40]" classname="turingmachine.PalindromeTest" time="0.017"/>
  <testcase name="test[41]" classname="turingmachine.PalindromeTest" time="0.012"/>
  <testcase name="test[42]" classname="turingmachine.PalindromeTest" time="0.011"/>
  <testcase name="test[43]" classname="turingmachine.PalindromeTest" time="0.011"/>
  <testcase name="test[44]" classname="turingmachine.PalindromeTest" time="0.007"/>
  <testcase name="test[45]" classname="turingmachine.PalindromeTest" time="0.024"/>
  <testcase name="test[46]" classname="turingmachine.PalindromeTest" time="0.017"/>
  <testcase name="test[47]" classname="turingmachine.PalindromeTest" time="0.017"/>
  <testcase name="test[48]" classname="turingmachine.PalindromeTest" time="0.017"/>
  <testcase name="test[49]" classname="turingmachine.PalindromeTest" time="0.017"/>
  <testcase name="test[50]" classname="turingmachine.PalindromeTest" time="0.017"/>
  <testcase name="test[51]" classname="turingmachine.PalindromeTest" time="0.016"/>
  <testcase name="test[52]" classname="turingmachine.PalindromeTest" time="0.016"/>
  <testcase name="test[53]" classname="turingmachine.PalindromeTest" time="0.017"/>
  <testcase name="test[54]" classname="turingmachine.PalindromeTest" time="0.018"/>
  <testcase name="test[55]" classname="turingmachine.PalindromeTest" time="0.017"/>
  <testcase name="test[56]" classname="turingmachine.PalindromeTest" time="0.017"/>
  <testcase name="test[57]" classname="turingmachine.PalindromeTest" time="0.016"/>
  <testcase name="test[58]" classname="turingmachine.PalindromeTest" time="0.017"/>
  <testcase name="test[59]" classname="turingmachine.PalindromeTest" time="0.017"/>
  <testcase name="test[60]" classname="turingmachine.PalindromeTest" time="0.021"/>
  <testcase name="test[61]" classname="turingmachine.PalindromeTest" time="0.014"/>
  <testcase name="test[62]" classname="turingmachine.PalindromeTest" time="0.012"/>
  <testcase name="test[63]" classname="turingmachine.PalindromeTest" time="0.011"/>
  <testcase name="test[64]" classname="turingmachine.PalindromeTest" time="0.021"/>
  <testcase name="test[65]" classname="turingmachine.PalindromeTest" time="0.021"/>
  <testcase name="test[66]" classname="turingmachine.PalindromeTest" time="0.016"/>
  <testcase name="test[67]" classname="turingmachine.PalindromeTest" time="0.019"/>
  <testcase name="test[68]" classname="turingmachine.PalindromeTest" time="0.016"/>
  <testcase name="test[69]" classname="turingmachine.PalindromeTest" time="0.017"/>
  <testcase name="test[70]" classname="turingmachine.PalindromeTest" time="0.017"/>
  <testcase name="test[71]" classname="turingmachine.PalindromeTest" time="0.017"/>
  <testcase name="test[72]" classname="turingmachine.PalindromeTest" time="0.017"/>
  <testcase name="test[73]" classname="turingmachine.PalindromeTest" time="0.017"/>
  <testcase name="test[74]" classname="turingmachine.PalindromeTest" time="0.016"/>
  <testcase name="test[75]" classname="turingmachine.PalindromeTest" time="0.017"/>
  <testcase name="test[76]" classname="turingmachine.PalindromeTest" time="0.017"/>
  <testcase name="test[77]" classname="turingmachine.PalindromeTest" time="0.016"/>
  <testcase name="test[78]" classname="turingmachine.PalindromeTest" time="0.012"/>
  <testcase name="test[79]" classname="turingmachine.PalindromeTest" time="0.014"/>
  <testcase name="test[80]" classname="turingmachine.PalindromeTest" time="0.015"/>
  <testcase name="test[81]" classname="turingmachine.PalindromeTest" time="0.015"/>
  <testcase name="test[82]" classname="turingmachine.PalindromeTest" time="0.017"/>
  <testcase name="test[83]" classname="turingmachine.PalindromeTest" time="0.015"/>
  <testcase name="test[84]" classname="turingmachine.PalindromeTest" time="0.016"/>
  <testcase name="test[85]" classname="turingmachine.PalindromeTest" time="0.015"/>
  <testcase name="test[86]" classname="turingmachine.PalindromeTest" time="0.015"/>
  <testcase name="test[87]" classname="turingmachine.PalindromeTest" time="0.018"/>
  <testcase name="test[88]" classname="turingmachine.PalindromeTest" time="0.014"/>
  <testcase name="test[89]" classname="turingmachine.PalindromeTest" time="0.013"/>
  <testcase name="test[90]" classname="turingmachine.PalindromeTest" time="0.013"/>
  <testcase name="test[91]" classname="turingmachine.PalindromeTest" time="0.015"/>
  <testcase name="test[92]" classname="turingmachine.PalindromeTest" time="0.014"/>
  <testcase name="test[93]" classname="turingmachine.PalindromeTest" time="0.012"/>
  <testcase name="test[94]" classname="turingmachine.PalindromeTest" time="0.012"/>
  <testcase name="test[95]" classname="turingmachine.PalindromeTest" time="0.012"/>
  <testcase name="test[96]" classname="turingmachine.PalindromeTest" time="0.022"/>
  <testcase name="test[97]" classname="turingmachine.PalindromeTest" time="0.014"/>
  <testcase name="test[98]" classname="turingmachine.PalindromeTest" time="0.012"/>
  <testcase name="test[99]" classname="turingmachine.PalindromeTest" time="0.012"/>
</testsuite>