<?xml version="1.0" encoding="UTF-8"?>
<testsuite xmlns:xsi="http://www.w3.org/2001/XMLSchema-instance" xsi:noNamespaceSchemaLocation="https://maven.apache.org/surefire/maven-surefire-plugin/xsd/surefire-test-report.xsd" name="turingmachine.Test" time="0.063" tests="10" errors="0" skipped="0" failures="3">
  <properties>
    <property name="sun.desktop" value="gnome"/>
    <property name="awt.toolkit" value="sun.awt.X11.XToolkit"/>
    <property name="file.encoding.pkg" value="sun.io"/>
    <property name="java.specification.version" value="1.8"/>
    <property name="sun.cpu.isalist" value=""/>
    <property name="sun.jnu.encoding" value="UTF-8"/>
    <property name="java.class.path" value="/cs/home/yk30/Documents/cs3052/CS3052p2/target/test-classes:/cs/home/yk30/Documents/cs3052/CS3052p2/target/classes:/cs/home/yk30/.m2/repository/junit/junit/4.12/junit-4.12.jar:/cs/home/yk30/.m2/repository/org/hamcrest/hamcrest-core/1.3/hamcrest-core-1.3.jar:/cs/home/yk30/.m2/repository/pl/pragmatists/JUnitParams/1.0.5/JUnitParams-1.0.5.jar:"/>
    <property name="type" value="2"/>
    <property name="java.vm.vendor" value="Oracle Corporation"/>
    <property name="sun.arch.data.model" value="64"/>
    <property name="java.vendor.url" value="http://java.oracle.com/"/>
    <property name="user.timezone" value=""/>
    <property name="java.vm.specification.version" value="1.8"/>
    <property name="os.name" value="Linux"/>
    <property name="user.country" value="GB"/>
    <property name="sun.java.launcher" value="SUN_STANDARD"/>
    <property name="sun.boot.library.path" value="/usr/local/jdk1.8.0_161/jre/lib/amd64"/>
    <property name="sun.java.command" value="/cs/home/yk30/Documents/cs3052/CS3052p2/target/surefire/surefirebooter770623966551511083.jar /cs/home/yk30/Documents/cs3052/CS3052p2/target/surefire 2018-04-25T23-58-16_086-jvmRun1 surefire2046034888246896776tmp surefire_02544321247426167471tmp"/>
    <property name="surefire.test.class.path" value="/cs/home/yk30/Documents/cs3052/CS3052p2/target/test-classes:/cs/home/yk30/Documents/cs3052/CS3052p2/target/classes:/cs/home/yk30/.m2/repository/junit/junit/4.12/junit-4.12.jar:/cs/home/yk30/.m2/repository/org/hamcrest/hamcrest-core/1.3/hamcrest-core-1.3.jar:/cs/home/yk30/.m2/repository/pl/pragmatists/JUnitParams/1.0.5/JUnitParams-1.0.5.jar:"/>
    <property name="sun.cpu.endian" value="little"/>
    <property name="user.home" value="/cs/home/yk30"/>
    <property name="user.language" value="en"/>
    <property name="java.specification.vendor" value="Oracle Corporation"/>
    <property name="java.home" value="/usr/local/jdk1.8.0_161/jre"/>
    <property name="basedir" value="/cs/home/yk30/Documents/cs3052/CS3052p2"/>
    <property name="file.separator" value="/"/>
    <property name="line.separator" value="&#10;"/>
    <property name="java.vm.specification.vendor" value="Oracle Corporation"/>
    <property name="java.specification.name" value="Java Platform API Specification"/>
    <property name="java.awt.graphicsenv" value="sun.awt.X11GraphicsEnvironment"/>
    <property name="surefire.real.class.path" value="/cs/home/yk30/Documents/cs3052/CS3052p2/target/surefire/surefirebooter770623966551511083.jar"/>
    <property name="sun.boot.class.path" value="/usr/local/jdk1.8.0_161/jre/lib/resources.jar:/usr/local/jdk1.8.0_161/jre/lib/rt.jar:/usr/local/jdk1.8.0_161/jre/lib/sunrsasign.jar:/usr/local/jdk1.8.0_161/jre/lib/jsse.jar:/usr/local/jdk1.8.0_161/jre/lib/jce.jar:/usr/local/jdk1.8.0_161/jre/lib/charsets.jar:/usr/local/jdk1.8.0_161/jre/lib/jfr.jar:/usr/local/jdk1.8.0_161/jre/classes"/>
    <property name="sun.management.compiler" value="HotSpot 64-Bit Tiered Compilers"/>
    <property name="java.runtime.version" value="1.8.0_161-b12"/>
    <property name="user.name" value="yk30"/>
    <property name="path.separator" value=":"/>
    <property name="os.version" value="4.15.17-300.fc27.x86_64"/>
    <property name="java.endorsed.dirs" value="/usr/local/jdk1.8.0_161/jre/lib/endorsed"/>
    <property name="java.runtime.name" value="Java(TM) SE Runtime Environment"/>
    <property name="file.encoding" value="UTF-8"/>
    <property name="java.vm.name" value="Java HotSpot(TM) 64-Bit Server VM"/>
    <property name="localRepository" value="/cs/home/yk30/.m2/repository"/>
    <property name="java.vendor.url.bug" value="http://bugreport.sun.com/bugreport/"/>
    <property name="java.io.tmpdir" value="/tmp"/>
    <property name="java.version" value="1.8.0_161"/>
    <property name="user.dir" value="/cs/home/yk30/Documents/cs3052/CS3052p2"/>
    <property name="os.arch" value="amd64"/>
    <property name="java.vm.specification.name" value="Java Virtual Machine Specification"/>
    <property name="java.awt.printerjob" value="sun.print.PSPrinterJob"/>
    <property name="sun.os.patch.level" value="unknown"/>
    <property name="java.library.path" value="/cs/home/yk30/usr/lib:/usr/java/packages/lib/amd64:/usr/lib64:/lib64:/lib:/usr/lib"/>
    <property name="java.vm.info" value="mixed mode"/>
    <property name="java.vendor" value="Oracle Corporation"/>
    <property name="java.vm.version" value="25.161-b12"/>
    <property name="propertyName" value="errors"/>
    <property name="java.ext.dirs" value="/usr/local/jdk1.8.0_161/jre/lib/ext:/usr/java/packages/lib/ext"/>
    <property name="sun.io.unicode.encoding" value="UnicodeLittle"/>
    <property name="java.class.version" value="52.0"/>
    <property name="buildDirectory" value="/cs/home/yk30/Documents/cs3052/CS3052p2/target"/>
  </properties>
  <testcase name="test[0]" classname="turingmachine.Test" time="0"/>
  <testcase name="test[1]" classname="turingmachine.Test" time="0.001">
    <failure message="expected:&lt;false&gt; but was:&lt;true&gt;" type="junit.framework.AssertionFailedError"><![CDATA[junit.framework.AssertionFailedError: expected:<false> but was:<true>
	at turingmachine.Test.test(Test.java:108)
]]></failure>
    <system-out><![CDATA[--------------------- Test Started ------------------------------
Reject, no such transition
FAIL
File deleted successfully
]]></system-out>
  </testcase>
  <testcase name="test[2]" classname="turingmachine.Test" time="0.004"/>
  <testcase name="test[3]" classname="turingmachine.Test" time="0.008"/>
  <testcase name="test[4]" classname="turingmachine.Test" time="0.009">
    <failure message="expected:&lt;false&gt; but was:&lt;true&gt;" type="junit.framework.AssertionFailedError"><![CDATA[junit.framework.AssertionFailedError: expected:<false> but was:<true>
	at turingmachine.Test.test(Test.java:108)
]]></failure>
    <system-out><![CDATA[--------------------- Test Started ------------------------------
Reject, no such transition
FAIL
File deleted successfully
]]></system-out>
  </testcase>
  <testcase name="test[5]" classname="turingmachine.Test" time="0.008"/>
  <testcase name="test[6]" classname="turingmachine.Test" time="0.008"/>
  <testcase name="test[7]" classname="turingmachine.Test" time="0.008"/>
  <testcase name="test[8]" classname="turingmachine.Test" time="0.008">
    <failure message="expected:&lt;false&gt; but was:&lt;true&gt;" type="junit.framework.AssertionFailedError"><![CDATA[junit.framework.AssertionFailedError: expected:<false> but was:<true>
	at turingmachine.Test.test(Test.java:108)
]]></failure>
    <system-out><![CDATA[--------------------- Test Started ------------------------------
Reject, no such transition
FAIL
File deleted successfully
]]></system-out>
  </testcase>
  <testcase name="test[9]" classname="turingmachine.Test" time="0.008"/>
</testsuite>