<?xml version="1.0" encoding="UTF-8"?>
<testsuite xmlns:xsi="http://www.w3.org/2001/XMLSchema-instance" xsi:noNamespaceSchemaLocation="https://maven.apache.org/surefire/maven-surefire-plugin/xsd/surefire-test-report.xsd" name="turingmachine.PalindromeTest" time="3.208" tests="120" errors="0" skipped="0" failures="0">
  <properties>
[...]
</properties>
  <testcase name="test[0]" classname="turingmachine.PalindromeTest" time="0.06"/>
  <testcase name="test[1]" classname="turingmachine.PalindromeTest" time="0.015"/>
  <testcase name="test[2]" classname="turingmachine.PalindromeTest" time="0.019"/>
  <testcase name="test[3]" classname="turingmachine.PalindromeTest" time="0.016"/>
  <testcase name="test[4]" classname="turingmachine.PalindromeTest" time="0.012"/>
  <testcase name="test[5]" classname="turingmachine.PalindromeTest" time="0.014"/>
  <testcase name="test[6]" classname="turingmachine.PalindromeTest" time="0.013"/>
  <testcase name="test[7]" classname="turingmachine.PalindromeTest" time="0.013"/>
  <testcase name="test[8]" classname="turingmachine.PalindromeTest" time="0.013"/>
  <testcase name="test[9]" classname="turingmachine.PalindromeTest" time="0.021"/>
  <testcase name="test[10]" classname="turingmachine.PalindromeTest" time="0.013"/>
  <testcase name="test[11]" classname="turingmachine.PalindromeTest" time="0.015"/>
  <testcase name="test[12]" classname="turingmachine.PalindromeTest" time="0.036"/>
  <testcase name="test[13]" classname="turingmachine.PalindromeTest" time="0.017"/>
  <testcase name="test[14]" classname="turingmachine.PalindromeTest" time="0.022"/>
  <testcase name="test[15]" classname="turingmachine.PalindromeTest" time="0.023"/>
  <testcase name="test[16]" classname="turingmachine.PalindromeTest" time="0.025"/>
  <testcase name="test[17]" classname="turingmachine.PalindromeTest" time="0.023"/>
  <testcase name="test[18]" classname="turingmachine.PalindromeTest" time="0.013"/>
  <testcase name="test[19]" classname="turingmachine.PalindromeTest" time="0.014"/>
  <testcase name="test[20]" classname="turingmachine.PalindromeTest" time="0.049"/>
  <testcase name="test[21]" classname="turingmachine.PalindromeTest" time="0.013"/>
  <testcase name="test[22]" classname="turingmachine.PalindromeTest" time="0.037"/>
  <testcase name="test[23]" classname="turingmachine.PalindromeTest" time="0.02"/>
  <testcase name="test[24]" classname="turingmachine.PalindromeTest" time="0.023"/>
  <testcase name="test[25]" classname="turingmachine.PalindromeTest" time="0.013"/>
  <testcase name="test[26]" classname="turingmachine.PalindromeTest" time="0.008"/>
  <testcase name="test[27]" classname="turingmachine.PalindromeTest" time="0.018"/>
  <testcase name="test[28]" classname="turingmachine.PalindromeTest" time="0.014"/>
  <testcase name="test[29]" classname="turingmachine.PalindromeTest" time="0.109"/>
  <testcase name="test[30]" classname="turingmachine.PalindromeTest" time="0.052"/>
  <testcase name="test[31]" classname="turingmachine.PalindromeTest" time="0.031"/>
  <testcase name="test[32]" classname="turingmachine.PalindromeTest" time="0.017"/>
  <testcase name="test[33]" classname="turingmachine.PalindromeTest" time="0.018"/>
  <testcase name="test[34]" classname="turingmachine.PalindromeTest" time="0.015"/>
  <testcase name="test[35]" classname="turingmachine.PalindromeTest" time="0.008"/>
  <testcase name="test[36]" classname="turingmachine.PalindromeTest" time="0.037"/>
  <testcase name="test[37]" classname="turingmachine.PalindromeTest" time="0.006"/>
  <testcase name="test[38]" classname="turingmachine.PalindromeTest" time="0.009"/>
  <testcase name="test[39]" classname="turingmachine.PalindromeTest" time="0.01"/>
  <testcase name="test[40]" classname="turingmachine.PalindromeTest" time="0.022"/>
  <testcase name="test[41]" classname="turingmachine.PalindromeTest" time="0.018"/>
  <testcase name="test[42]" classname="turingmachine.PalindromeTest" time="0.01"/>
  <testcase name="test[43]" classname="turingmachine.PalindromeTest" time="0.023"/>
  <testcase name="test[44]" classname="turingmachine.PalindromeTest" time="0.008"/>
  <testcase name="test[45]" classname="turingmachine.PalindromeTest" time="0.015"/>
  <testcase name="test[46]" classname="turingmachine.PalindromeTest" time="0.012"/>
  <testcase name="test[47]" classname="turingmachine.PalindromeTest" time="0.016"/>
  <testcase name="test[48]" classname="turingmachine.PalindromeTest" time="0.018"/>
  <testcase name="test[49]" classname="turingmachine.PalindromeTest" time="0.009"/>
  <testcase name="test[50]" classname="turingmachine.PalindromeTest" time="0.014"/>
  <testcase name="test[51]" classname="turingmachine.PalindromeTest" time="0.013"/>
  <testcase name="test[52]" classname="turingmachine.PalindromeTest" time="0.009"/>
  <testcase name="test[53]" classname="turingmachine.PalindromeTest" time="0.027"/>
  <testcase name="test[54]" classname="turingmachine.PalindromeTest" time="0.015"/>
  <testcase name="test[55]" classname="turingmachine.PalindromeTest" time="0.009"/>
  <testcase name="test[56]" classname="turingmachine.PalindromeTest" time="0.013"/>
  <testcase name="test[57]" classname="turingmachine.PalindromeTest" time="0.015"/>
  <testcase name="test[58]" classname="turingmachine.PalindromeTest" time="0.012"/>
  <testcase name="test[59]" classname="turingmachine.PalindromeTest" time="0.014"/>
  <testcase name="test[60]" classname="turingmachine.PalindromeTest" time="0.014"/>
  <testcase name="test[61]" classname="turingmachine.PalindromeTest" time="0.011"/>
  <testcase name="test[62]" classname="turingmachine.PalindromeTest" time="0.014"/>
  <testcase name="test[63]" classname="turingmachine.PalindromeTest" time="0.022"/>
  <testcase name="test[64]" classname="turingmachine.PalindromeTest" time="0.039"/>
  <testcase name="test[65]" classname="turingmachine.PalindromeTest" time="0.014"/>
  <testcase name="test[66]" classname="turingmachine.PalindromeTest" time="0.01"/>
  <testcase name="test[67]" classname="turingmachine.PalindromeTest" time="0.012"/>
  <testcase name="test[68]" classname="turingmachine.PalindromeTest" time="0.012"/>
  <testcase name="test[69]" classname="turingmachine.PalindromeTest" time="0.011"/>
  <testcase name="test[70]" classname="turingmachine.PalindromeTest" time="0.007"/>
  <testcase name="test[71]" classname="turingmachine.PalindromeTest" time="0.017"/>
  <testcase name="test[72]" classname="turingmachine.PalindromeTest" time="0.014"/>
  <testcase name="test[73]" classname="turingmachine.PalindromeTest" time="0.134"/>
  <testcase name="test[74]" classname="turingmachine.PalindromeTest" time="0.104"/>
  <testcase name="test[75]" classname="turingmachine.PalindromeTest" time="0.019"/>
  <testcase name="test[76]" classname="turingmachine.PalindromeTest" time="0.024"/>
  <testcase name="test[77]" classname="turingmachine.PalindromeTest" time="0.054"/>
  <testcase name="test[78]" classname="turingmachine.PalindromeTest" time="0.078"/>
  <testcase name="test[79]" classname="turingmachine.PalindromeTest" time="0.094"/>
  <testcase name="test[80]" classname="turingmachine.PalindromeTest" time="0.021"/>
  <testcase name="test[81]" classname="turingmachine.PalindromeTest" time="0.014"/>
  <testcase name="test[82]" classname="turingmachine.PalindromeTest" time="0.02"/>
  <testcase name="test[83]" classname="turingmachine.PalindromeTest" time="0.017"/>
  <testcase name="test[84]" classname="turingmachine.PalindromeTest" time="0.013"/>
  <testcase name="test[85]" classname="turingmachine.PalindromeTest" time="0.011"/>
  <testcase name="test[86]" classname="turingmachine.PalindromeTest" time="0.015"/>
  <testcase name="test[87]" classname="turingmachine.PalindromeTest" time="0.051"/>
  <testcase name="test[88]" classname="turingmachine.PalindromeTest" time="0.112"/>
  <testcase name="test[89]" classname="turingmachine.PalindromeTest" time="0.059"/>
  <testcase name="test[90]" classname="turingmachine.PalindromeTest" time="0.115"/>
  <testcase name="test[91]" classname="turingmachine.PalindromeTest" time="0.054"/>
  <testcase name="test[92]" classname="turingmachine.PalindromeTest" time="0.012"/>
  <testcase name="test[93]" classname="turingmachine.PalindromeTest" time="0.019"/>
  <testcase name="test[94]" classname="turingmachine.PalindromeTest" time="0.014"/>
  <testcase name="test[95]" classname="turingmachine.PalindromeTest" time="0.041"/>
  <testcase name="test[96]" classname="turingmachine.PalindromeTest" time="0.018"/>
  <testcase name="test[97]" classname="turingmachine.PalindromeTest" time="0.013"/>
  <testcase name="test[98]" classname="turingmachine.PalindromeTest" time="0.013"/>
  <testcase name="test[99]" classname="turingmachine.PalindromeTest" time="0.023"/>
  <testcase name="test[100]" classname="turingmachine.PalindromeTest" time="0.02"/>
  <testcase name="test[101]" classname="turingmachine.PalindromeTest" time="0.014"/>
  <testcase name="test[102]" classname="turingmachine.PalindromeTest" time="0.019"/>
  <testcase name="test[103]" classname="turingmachine.PalindromeTest" time="0.038"/>
  <testcase name="test[104]" classname="turingmachine.PalindromeTest" time="0.012"/>
  <testcase name="test[105]" classname="turingmachine.PalindromeTest" time="0.009"/>
  <testcase name="test[106]" classname="turingmachine.PalindromeTest" time="0.037"/>
  <testcase name="test[107]" classname="turingmachine.PalindromeTest" time="0.011"/>
  <testcase name="test[108]" classname="turingmachine.PalindromeTest" time="0.008"/>
  <testcase name="test[109]" classname="turingmachine.PalindromeTest" time="0.021"/>
  <testcase name="test[110]" classname="turingmachine.PalindromeTest" time="0.015"/>
  <testcase name="test[111]" classname="turingmachine.PalindromeTest" time="0.018"/>
  <testcase name="test[112]" classname="turingmachine.PalindromeTest" time="0.018"/>
  <testcase name="test[113]" classname="turingmachine.PalindromeTest" time="0.018"/>
  <testcase name="test[114]" classname="turingmachine.PalindromeTest" time="0.019"/>
  <testcase name="test[115]" classname="turingmachine.PalindromeTest" time="0.013"/>
  <testcase name="test[116]" classname="turingmachine.PalindromeTest" time="0.014"/>
  <testcase name="test[117]" classname="turingmachine.PalindromeTest" time="0.02"/>
  <testcase name="test[118]" classname="turingmachine.PalindromeTest" time="0.01"/>
  <testcase name="test[119]" classname="turingmachine.PalindromeTest" time="0.015"/>
</testsuite>