<?xml version="1.0" encoding="UTF-8"?>
<testsuite xmlns:xsi="http://www.w3.org/2001/XMLSchema-instance" xsi:noNamespaceSchemaLocation="https://maven.apache.org/surefire/maven-surefire-plugin/xsd/surefire-test-report.xsd" name="turingmachine.Test" time="0.063" tests="10" errors="0" skipped="0" failures="3">
  <properties>
[...]
</properties>
  <testcase name="test[0]" classname="turingmachine.Test" time="0"/>
  <testcase name="test[1]" classname="turingmachine.Test" time="0.001">
    <failure message="expected:&lt;false&gt; but was:&lt;true&gt;" type="junit.framework.AssertionFailedError"><![CDATA[junit.framework.AssertionFailedError: expected:<false> but was:<true>
	at turingmachine.Test.test(Test.java:108)
]]></failure>
    <system-out><![CDATA[--------------------- Test Started ------------------------------
Reject, no such transition
FAIL
File deleted successfully
]]></system-out>
  </testcase>
  <testcase name="test[2]" classname="turingmachine.Test" time="0.004"/>
  <testcase name="test[3]" classname="turingmachine.Test" time="0.008"/>
  <testcase name="test[4]" classname="turingmachine.Test" time="0.009">
    <failure message="expected:&lt;false&gt; but was:&lt;true&gt;" type="junit.framework.AssertionFailedError"><![CDATA[junit.framework.AssertionFailedError: expected:<false> but was:<true>
	at turingmachine.Test.test(Test.java:108)
]]></failure>
    <system-out><![CDATA[--------------------- Test Started ------------------------------
Reject, no such transition
FAIL
File deleted successfully
]]></system-out>
  </testcase>
  <testcase name="test[5]" classname="turingmachine.Test" time="0.008"/>
  <testcase name="test[6]" classname="turingmachine.Test" time="0.008"/>
  <testcase name="test[7]" classname="turingmachine.Test" time="0.008"/>
  <testcase name="test[8]" classname="turingmachine.Test" time="0.008">
    <failure message="expected:&lt;false&gt; but was:&lt;true&gt;" type="junit.framework.AssertionFailedError"><![CDATA[junit.framework.AssertionFailedError: expected:<false> but was:<true>
	at turingmachine.Test.test(Test.java:108)
]]></failure>
    <system-out><![CDATA[--------------------- Test Started ------------------------------
Reject, no such transition
FAIL
File deleted successfully
]]></system-out>
  </testcase>
  <testcase name="test[9]" classname="turingmachine.Test" time="0.008"/>
</testsuite>