<?xml version="1.0" encoding="UTF-8"?>
<testsuite xmlns:xsi="http://www.w3.org/2001/XMLSchema-instance" xsi:noNamespaceSchemaLocation="https://maven.apache.org/surefire/maven-surefire-plugin/xsd/surefire-test-report.xsd" name="turingmachine.PalindromeTest" time="0.33" tests="20" errors="20" skipped="0" failures="0">
  <properties>
[...]
</properties>
  <testcase name="test[0]" classname="turingmachine.PalindromeTest" time="0.037">
    <error type="java.lang.NullPointerException">java.lang.NullPointerException
	at turingmachine.PalindromeTest.test(PalindromeTest.java:141)
</error>
    <system-out><![CDATA[type 1 min 5 max 5 repeat 20 step 10
Start reading inside ndtm and input is 12121
read state s0 and symbol 1
next state is s2 and write to head _
size is 15 and head is at 2
current state is s2 s2 and symbol is 2 2
read state s2 and symbol 2
next state is s2 and write to head 2
size is 15 and head is at 3
current state is s2 s2 and symbol is 1 1
read state s2 and symbol 1
next state is s2 and write to head 1
size is 15 and head is at 4
current state is s2 s2 and symbol is 2 2
read state s2 and symbol 2
next state is s2 and write to head 2
size is 15 and head is at 5
current state is s2 s2 and symbol is 1 1
read state s2 and symbol 1
next state is s2 and write to head 1
size is 15 and head is at 6
current state is s2 s2 and symbol is _ _
read state s2 and symbol _
next state is s5 and write to head _
size is 15 and head is at 7
current state is s5 s5 and symbol is 1 1
read state s5 and symbol 1
next state is s7 and write to head _
size is 15 and head is at 8
current state is s7 s7 and symbol is 2 2
read state s7 and symbol 2
next state is s7 and write to head 2
size is 15 and head is at 9
current state is s7 s7 and symbol is 1 1
read state s7 and symbol 1
next state is s7 and write to head 1
size is 15 and head is at 10
current state is s7 s7 and symbol is 2 2
read state s7 and symbol 2
next state is s7 and write to head 2
size is 15 and head is at 11
current state is s7 s7 and symbol is _ _
read state s7 and symbol _
next state is s0 and write to head _
size is 15 and head is at 12
current state is s0 s0 and symbol is 2 2
read state s0 and symbol 2
next state is s3 and write to head _
size is 15 and head is at 13
current state is s3 s3 and symbol is 1 1
read state s3 and symbol 1
next state is s3 and write to head 1
size is 15 and head is at 14
current state is s3 s3 and symbol is 2 2
read state s3 and symbol 2
next state is s3 and write to head 2
size is 15 and head is at 15
current state is s3 s3 and symbol is _ _
read state s3 and symbol _
next state is s6 and write to head _
size is 25 and head is at 16
current state is s6 s6 and symbol is 2 2
read state s6 and symbol 2
next state is s7 and write to head _
size is 25 and head is at 17
current state is s7 s7 and symbol is 1 1
read state s7 and symbol 1
next state is s7 and write to head 1
size is 25 and head is at 18
current state is s7 s7 and symbol is _ _
read state s7 and symbol _
next state is s0 and write to head _
size is 25 and head is at 19
current state is s0 s0 and symbol is 1 1
read state s0 and symbol 1
next state is s2 and write to head _
size is 25 and head is at 20
current state is s2 s2 and symbol is _ _
read state s2 and symbol _
next state is s5 and write to head _
size is 25 and head is at 21
current state is s5 s5 and symbol is _ _
read state s5 and symbol _
accept
STOP!
input was 12121
]]></system-out>
  </testcase>
  <testcase name="test[1]" classname="turingmachine.PalindromeTest" time="0.014">
    <error type="java.lang.NullPointerException">java.lang.NullPointerException
	at turingmachine.PalindromeTest.test(PalindromeTest.java:129)
</error>
    <system-out><![CDATA[Start reading inside ndtm and input is 11210
read state s0 and symbol 1
next state is s2 and write to head _
size is 15 and head is at 2
current state is s2 s2 and symbol is 1 1
read state s2 and symbol 1
next state is s2 and write to head 1
size is 15 and head is at 3
current state is s2 s2 and symbol is 2 2
read state s2 and symbol 2
next state is s2 and write to head 2
size is 15 and head is at 4
current state is s2 s2 and symbol is 1 1
read state s2 and symbol 1
next state is s2 and write to head 1
size is 15 and head is at 5
current state is s2 s2 and symbol is 0 0
read state s2 and symbol 0
next state is s2 and write to head 0
size is 15 and head is at 6
current state is s2 s2 and symbol is _ _
read state s2 and symbol _
next state is s5 and write to head _
size is 15 and head is at 7
current state is s5 s5 and symbol is 0 0
read state s5 and symbol 0
can't find the key
!accept
read state s2 and symbol _
no more children to test on
]]></system-out>
  </testcase>
  <testcase name="test[2]" classname="turingmachine.PalindromeTest" time="0.019">
    <error type="java.lang.NullPointerException">java.lang.NullPointerException
	at turingmachine.PalindromeTest.test(PalindromeTest.java:141)
</error>
    <system-out><![CDATA[Start reading inside ndtm and input is 11211
read state s0 and symbol 1
next state is s2 and write to head _
size is 15 and head is at 2
current state is s2 s2 and symbol is 1 1
read state s2 and symbol 1
next state is s2 and write to head 1
size is 15 and head is at 3
current state is s2 s2 and symbol is 2 2
read state s2 and symbol 2
next state is s2 and write to head 2
size is 15 and head is at 4
current state is s2 s2 and symbol is 1 1
read state s2 and symbol 1
next state is s2 and write to head 1
size is 15 and head is at 5
current state is s2 s2 and symbol is 1 1
read state s2 and symbol 1
next state is s2 and write to head 1
size is 15 and head is at 6
current state is s2 s2 and symbol is _ _
read state s2 and symbol _
next state is s5 and write to head _
size is 15 and head is at 7
current state is s5 s5 and symbol is 1 1
read state s5 and symbol 1
next state is s7 and write to head _
size is 15 and head is at 8
current state is s7 s7 and symbol is 1 1
read state s7 and symbol 1
next state is s7 and write to head 1
size is 15 and head is at 9
current state is s7 s7 and symbol is 2 2
read state s7 and symbol 2
next state is s7 and write to head 2
size is 15 and head is at 10
current state is s7 s7 and symbol is 1 1
read state s7 and symbol 1
next state is s7 and write to head 1
size is 15 and head is at 11
current state is s7 s7 and symbol is _ _
read state s7 and symbol _
next state is s0 and write to head _
size is 15 and head is at 12
current state is s0 s0 and symbol is 1 1
read state s0 and symbol 1
next state is s2 and write to head _
size is 15 and head is at 13
current state is s2 s2 and symbol is 2 2
read state s2 and symbol 2
next state is s2 and write to head 2
size is 15 and head is at 14
current state is s2 s2 and symbol is 1 1
read state s2 and symbol 1
next state is s2 and write to head 1
size is 15 and head is at 15
current state is s2 s2 and symbol is _ _
read state s2 and symbol _
next state is s5 and write to head _
size is 25 and head is at 16
current state is s5 s5 and symbol is 1 1
read state s5 and symbol 1
next state is s7 and write to head _
size is 25 and head is at 17
current state is s7 s7 and symbol is 2 2
read state s7 and symbol 2
next state is s7 and write to head 2
size is 25 and head is at 18
current state is s7 s7 and symbol is _ _
read state s7 and symbol _
next state is s0 and write to head _
size is 25 and head is at 19
current state is s0 s0 and symbol is 2 2
read state s0 and symbol 2
next state is s3 and write to head _
size is 25 and head is at 20
current state is s3 s3 and symbol is _ _
read state s3 and symbol _
next state is s6 and write to head _
size is 25 and head is at 21
current state is s6 s6 and symbol is _ _
read state s6 and symbol _
accept
STOP!
input was 11211
]]></system-out>
  </testcase>
  <testcase name="test[3]" classname="turingmachine.PalindromeTest" time="0.009">
    <error type="java.lang.NullPointerException">java.lang.NullPointerException
	at turingmachine.PalindromeTest.test(PalindromeTest.java:129)
</error>
    <system-out><![CDATA[Start reading inside ndtm and input is 02021
read state s0 and symbol 0
next state is s1 and write to head _
size is 15 and head is at 2
current state is s1 s1 and symbol is 2 2
read state s1 and symbol 2
next state is s1 and write to head 2
size is 15 and head is at 3
current state is s1 s1 and symbol is 0 0
read state s1 and symbol 0
next state is s1 and write to head 0
size is 15 and head is at 4
current state is s1 s1 and symbol is 2 2
read state s1 and symbol 2
next state is s1 and write to head 2
size is 15 and head is at 5
current state is s1 s1 and symbol is 1 1
read state s1 and symbol 1
next state is s1 and write to head 1
size is 15 and head is at 6
current state is s1 s1 and symbol is _ _
read state s1 and symbol _
next state is s4 and write to head _
size is 15 and head is at 7
current state is s4 s4 and symbol is 1 1
read state s4 and symbol 1
can't find the key
!accept
read state s1 and symbol _
no more children to test on
]]></system-out>
  </testcase>
  <testcase name="test[4]" classname="turingmachine.PalindromeTest" time="0.015">
    <error type="java.lang.NullPointerException">java.lang.NullPointerException
	at turingmachine.PalindromeTest.test(PalindromeTest.java:129)
</error>
    <system-out><![CDATA[Start reading inside ndtm and input is 2012
read state s0 and symbol 2
next state is s3 and write to head _
size is 14 and head is at 2
current state is s3 s3 and symbol is 0 0
read state s3 and symbol 0
next state is s3 and write to head 0
size is 14 and head is at 3
current state is s3 s3 and symbol is 1 1
read state s3 and symbol 1
next state is s3 and write to head 1
size is 14 and head is at 4
current state is s3 s3 and symbol is 2 2
read state s3 and symbol 2
next state is s3 and write to head 2
size is 14 and head is at 5
current state is s3 s3 and symbol is _ _
read state s3 and symbol _
next state is s6 and write to head _
size is 14 and head is at 6
current state is s6 s6 and symbol is 2 2
read state s6 and symbol 2
next state is s7 and write to head _
size is 14 and head is at 7
current state is s7 s7 and symbol is 1 1
read state s7 and symbol 1
next state is s7 and write to head 1
size is 14 and head is at 8
current state is s7 s7 and symbol is 0 0
read state s7 and symbol 0
next state is s7 and write to head 0
size is 14 and head is at 9
current state is s7 s7 and symbol is _ _
read state s7 and symbol _
next state is s0 and write to head _
size is 14 and head is at 10
current state is s0 s0 and symbol is 0 0
read state s0 and symbol 0
next state is s1 and write to head _
size is 14 and head is at 11
current state is s1 s1 and symbol is 1 1
read state s1 and symbol 1
next state is s1 and write to head 1
size is 14 and head is at 12
current state is s1 s1 and symbol is _ _
read state s1 and symbol _
next state is s4 and write to head _
size is 14 and head is at 13
current state is s4 s4 and symbol is 1 1
read state s4 and symbol 1
can't find the key
!accept
read state s1 and symbol _
no more children to test on
]]></system-out>
  </testcase>
  <testcase name="test[5]" classname="turingmachine.PalindromeTest" time="0.012">
    <error type="java.lang.NullPointerException">java.lang.NullPointerException
	at turingmachine.PalindromeTest.test(PalindromeTest.java:129)
</error>
    <system-out><![CDATA[Start reading inside ndtm and input is 2000
read state s0 and symbol 2
next state is s3 and write to head _
size is 14 and head is at 2
current state is s3 s3 and symbol is 0 0
read state s3 and symbol 0
next state is s3 and write to head 0
size is 14 and head is at 3
current state is s3 s3 and symbol is 0 0
read state s3 and symbol 0
next state is s3 and write to head 0
size is 14 and head is at 4
current state is s3 s3 and symbol is 0 0
read state s3 and symbol 0
next state is s3 and write to head 0
size is 14 and head is at 5
current state is s3 s3 and symbol is _ _
read state s3 and symbol _
next state is s6 and write to head _
size is 14 and head is at 6
current state is s6 s6 and symbol is 0 0
read state s6 and symbol 0
can't find the key
!accept
read state s3 and symbol _
no more children to test on
]]></system-out>
  </testcase>
  <testcase name="test[6]" classname="turingmachine.PalindromeTest" time="0.013">
    <error type="java.lang.NullPointerException">java.lang.NullPointerException
	at turingmachine.PalindromeTest.test(PalindromeTest.java:129)
</error>
    <system-out><![CDATA[Start reading inside ndtm and input is 1112
read state s0 and symbol 1
next state is s2 and write to head _
size is 14 and head is at 2
current state is s2 s2 and symbol is 1 1
read state s2 and symbol 1
next state is s2 and write to head 1
size is 14 and head is at 3
current state is s2 s2 and symbol is 1 1
read state s2 and symbol 1
next state is s2 and write to head 1
size is 14 and head is at 4
current state is s2 s2 and symbol is 2 2
read state s2 and symbol 2
next state is s2 and write to head 2
size is 14 and head is at 5
current state is s2 s2 and symbol is _ _
read state s2 and symbol _
next state is s5 and write to head _
size is 14 and head is at 6
current state is s5 s5 and symbol is 2 2
read state s5 and symbol 2
can't find the key
!accept
read state s2 and symbol _
no more children to test on
]]></system-out>
  </testcase>
  <testcase name="test[7]" classname="turingmachine.PalindromeTest" time="0.01">
    <error type="java.lang.NullPointerException">java.lang.NullPointerException
	at turingmachine.PalindromeTest.test(PalindromeTest.java:129)
</error>
    <system-out><![CDATA[Start reading inside ndtm and input is 1000
read state s0 and symbol 1
next state is s2 and write to head _
size is 14 and head is at 2
current state is s2 s2 and symbol is 0 0
read state s2 and symbol 0
next state is s2 and write to head 0
size is 14 and head is at 3
current state is s2 s2 and symbol is 0 0
read state s2 and symbol 0
next state is s2 and write to head 0
size is 14 and head is at 4
current state is s2 s2 and symbol is 0 0
read state s2 and symbol 0
next state is s2 and write to head 0
size is 14 and head is at 5
current state is s2 s2 and symbol is _ _
read state s2 and symbol _
next state is s5 and write to head _
size is 14 and head is at 6
current state is s5 s5 and symbol is 0 0
read state s5 and symbol 0
can't find the key
!accept
read state s2 and symbol _
no more children to test on
]]></system-out>
  </testcase>
  <testcase name="test[8]" classname="turingmachine.PalindromeTest" time="0.013">
    <error type="java.lang.NullPointerException">java.lang.NullPointerException
	at turingmachine.PalindromeTest.test(PalindromeTest.java:129)
</error>
    <system-out><![CDATA[Start reading inside ndtm and input is 2000
read state s0 and symbol 2
next state is s3 and write to head _
size is 14 and head is at 2
current state is s3 s3 and symbol is 0 0
read state s3 and symbol 0
next state is s3 and write to head 0
size is 14 and head is at 3
current state is s3 s3 and symbol is 0 0
read state s3 and symbol 0
next state is s3 and write to head 0
size is 14 and head is at 4
current state is s3 s3 and symbol is 0 0
read state s3 and symbol 0
next state is s3 and write to head 0
size is 14 and head is at 5
current state is s3 s3 and symbol is _ _
read state s3 and symbol _
next state is s6 and write to head _
size is 14 and head is at 6
current state is s6 s6 and symbol is 0 0
read state s6 and symbol 0
can't find the key
!accept
read state s3 and symbol _
no more children to test on
]]></system-out>
  </testcase>
  <testcase name="test[9]" classname="turingmachine.PalindromeTest" time="0.012">
    <error type="java.lang.NullPointerException">java.lang.NullPointerException
	at turingmachine.PalindromeTest.test(PalindromeTest.java:129)
</error>
    <system-out><![CDATA[Start reading inside ndtm and input is 01000
read state s0 and symbol 0
next state is s1 and write to head _
size is 15 and head is at 2
current state is s1 s1 and symbol is 1 1
read state s1 and symbol 1
next state is s1 and write to head 1
size is 15 and head is at 3
current state is s1 s1 and symbol is 0 0
read state s1 and symbol 0
next state is s1 and write to head 0
size is 15 and head is at 4
current state is s1 s1 and symbol is 0 0
read state s1 and symbol 0
next state is s1 and write to head 0
size is 15 and head is at 5
current state is s1 s1 and symbol is 0 0
read state s1 and symbol 0
next state is s1 and write to head 0
size is 15 and head is at 6
current state is s1 s1 and symbol is _ _
read state s1 and symbol _
next state is s4 and write to head _
size is 15 and head is at 7
current state is s4 s4 and symbol is 0 0
read state s4 and symbol 0
next state is s7 and write to head _
size is 15 and head is at 8
current state is s7 s7 and symbol is 0 0
read state s7 and symbol 0
next state is s7 and write to head 0
size is 15 and head is at 9
current state is s7 s7 and symbol is 0 0
read state s7 and symbol 0
next state is s7 and write to head 0
size is 15 and head is at 10
current state is s7 s7 and symbol is 1 1
read state s7 and symbol 1
next state is s7 and write to head 1
size is 15 and head is at 11
current state is s7 s7 and symbol is _ _
read state s7 and symbol _
next state is s0 and write to head _
size is 15 and head is at 12
current state is s0 s0 and symbol is 1 1
read state s0 and symbol 1
next state is s2 and write to head _
size is 15 and head is at 13
current state is s2 s2 and symbol is 0 0
read state s2 and symbol 0
next state is s2 and write to head 0
size is 15 and head is at 14
current state is s2 s2 and symbol is 0 0
read state s2 and symbol 0
next state is s2 and write to head 0
size is 15 and head is at 15
current state is s2 s2 and symbol is _ _
read state s2 and symbol _
next state is s5 and write to head _
size is 25 and head is at 16
current state is s5 s5 and symbol is 0 0
read state s5 and symbol 0
can't find the key
!accept
read state s2 and symbol _
no more children to test on
]]></system-out>
  </testcase>
  <testcase name="test[10]" classname="turingmachine.PalindromeTest" time="0.012">
    <error type="java.lang.NullPointerException">java.lang.NullPointerException
	at turingmachine.PalindromeTest.test(PalindromeTest.java:129)
</error>
    <system-out><![CDATA[Start reading inside ndtm and input is 22102
read state s0 and symbol 2
next state is s3 and write to head _
size is 15 and head is at 2
current state is s3 s3 and symbol is 2 2
read state s3 and symbol 2
next state is s3 and write to head 2
size is 15 and head is at 3
current state is s3 s3 and symbol is 1 1
read state s3 and symbol 1
next state is s3 and write to head 1
size is 15 and head is at 4
current state is s3 s3 and symbol is 0 0
read state s3 and symbol 0
next state is s3 and write to head 0
size is 15 and head is at 5
current state is s3 s3 and symbol is 2 2
read state s3 and symbol 2
next state is s3 and write to head 2
size is 15 and head is at 6
current state is s3 s3 and symbol is _ _
read state s3 and symbol _
next state is s6 and write to head _
size is 15 and head is at 7
current state is s6 s6 and symbol is 2 2
read state s6 and symbol 2
next state is s7 and write to head _
size is 15 and head is at 8
current state is s7 s7 and symbol is 0 0
read state s7 and symbol 0
next state is s7 and write to head 0
size is 15 and head is at 9
current state is s7 s7 and symbol is 1 1
read state s7 and symbol 1
next state is s7 and write to head 1
size is 15 and head is at 10
current state is s7 s7 and symbol is 2 2
read state s7 and symbol 2
next state is s7 and write to head 2
size is 15 and head is at 11
current state is s7 s7 and symbol is _ _
read state s7 and symbol _
next state is s0 and write to head _
size is 15 and head is at 12
current state is s0 s0 and symbol is 2 2
read state s0 and symbol 2
next state is s3 and write to head _
size is 15 and head is at 13
current state is s3 s3 and symbol is 1 1
read state s3 and symbol 1
next state is s3 and write to head 1
size is 15 and head is at 14
current state is s3 s3 and symbol is 0 0
read state s3 and symbol 0
next state is s3 and write to head 0
size is 15 and head is at 15
current state is s3 s3 and symbol is _ _
read state s3 and symbol _
next state is s6 and write to head _
size is 25 and head is at 16
current state is s6 s6 and symbol is 0 0
read state s6 and symbol 0
can't find the key
!accept
read state s3 and symbol _
no more children to test on
]]></system-out>
  </testcase>
  <testcase name="test[11]" classname="turingmachine.PalindromeTest" time="0.01">
    <error type="java.lang.NullPointerException">java.lang.NullPointerException
	at turingmachine.PalindromeTest.test(PalindromeTest.java:129)
</error>
    <system-out><![CDATA[Start reading inside ndtm and input is 1101
read state s0 and symbol 1
next state is s2 and write to head _
size is 14 and head is at 2
current state is s2 s2 and symbol is 1 1
read state s2 and symbol 1
next state is s2 and write to head 1
size is 14 and head is at 3
current state is s2 s2 and symbol is 0 0
read state s2 and symbol 0
next state is s2 and write to head 0
size is 14 and head is at 4
current state is s2 s2 and symbol is 1 1
read state s2 and symbol 1
next state is s2 and write to head 1
size is 14 and head is at 5
current state is s2 s2 and symbol is _ _
read state s2 and symbol _
next state is s5 and write to head _
size is 14 and head is at 6
current state is s5 s5 and symbol is 1 1
read state s5 and symbol 1
next state is s7 and write to head _
size is 14 and head is at 7
current state is s7 s7 and symbol is 0 0
read state s7 and symbol 0
next state is s7 and write to head 0
size is 14 and head is at 8
current state is s7 s7 and symbol is 1 1
read state s7 and symbol 1
next state is s7 and write to head 1
size is 14 and head is at 9
current state is s7 s7 and symbol is _ _
read state s7 and symbol _
next state is s0 and write to head _
size is 14 and head is at 10
current state is s0 s0 and symbol is 1 1
read state s0 and symbol 1
next state is s2 and write to head _
size is 14 and head is at 11
current state is s2 s2 and symbol is 0 0
read state s2 and symbol 0
next state is s2 and write to head 0
size is 14 and head is at 12
current state is s2 s2 and symbol is _ _
read state s2 and symbol _
next state is s5 and write to head _
size is 14 and head is at 13
current state is s5 s5 and symbol is 0 0
read state s5 and symbol 0
can't find the key
!accept
read state s2 and symbol _
no more children to test on
]]></system-out>
  </testcase>
  <testcase name="test[12]" classname="turingmachine.PalindromeTest" time="0.011">
    <error type="java.lang.NullPointerException">java.lang.NullPointerException
	at turingmachine.PalindromeTest.test(PalindromeTest.java:141)
</error>
    <system-out><![CDATA[Start reading inside ndtm and input is 11011
read state s0 and symbol 1
next state is s2 and write to head _
size is 15 and head is at 2
current state is s2 s2 and symbol is 1 1
read state s2 and symbol 1
next state is s2 and write to head 1
size is 15 and head is at 3
current state is s2 s2 and symbol is 0 0
read state s2 and symbol 0
next state is s2 and write to head 0
size is 15 and head is at 4
current state is s2 s2 and symbol is 1 1
read state s2 and symbol 1
next state is s2 and write to head 1
size is 15 and head is at 5
current state is s2 s2 and symbol is 1 1
read state s2 and symbol 1
next state is s2 and write to head 1
size is 15 and head is at 6
current state is s2 s2 and symbol is _ _
read state s2 and symbol _
next state is s5 and write to head _
size is 15 and head is at 7
current state is s5 s5 and symbol is 1 1
read state s5 and symbol 1
next state is s7 and write to head _
size is 15 and head is at 8
current state is s7 s7 and symbol is 1 1
read state s7 and symbol 1
next state is s7 and write to head 1
size is 15 and head is at 9
current state is s7 s7 and symbol is 0 0
read state s7 and symbol 0
next state is s7 and write to head 0
size is 15 and head is at 10
current state is s7 s7 and symbol is 1 1
read state s7 and symbol 1
next state is s7 and write to head 1
size is 15 and head is at 11
current state is s7 s7 and symbol is _ _
read state s7 and symbol _
next state is s0 and write to head _
size is 15 and head is at 12
current state is s0 s0 and symbol is 1 1
read state s0 and symbol 1
next state is s2 and write to head _
size is 15 and head is at 13
current state is s2 s2 and symbol is 0 0
read state s2 and symbol 0
next state is s2 and write to head 0
size is 15 and head is at 14
current state is s2 s2 and symbol is 1 1
read state s2 and symbol 1
next state is s2 and write to head 1
size is 15 and head is at 15
current state is s2 s2 and symbol is _ _
read state s2 and symbol _
next state is s5 and write to head _
size is 25 and head is at 16
current state is s5 s5 and symbol is 1 1
read state s5 and symbol 1
next state is s7 and write to head _
size is 25 and head is at 17
current state is s7 s7 and symbol is 0 0
read state s7 and symbol 0
next state is s7 and write to head 0
size is 25 and head is at 18
current state is s7 s7 and symbol is _ _
read state s7 and symbol _
next state is s0 and write to head _
size is 25 and head is at 19
current state is s0 s0 and symbol is 0 0
read state s0 and symbol 0
next state is s1 and write to head _
size is 25 and head is at 20
current state is s1 s1 and symbol is _ _
read state s1 and symbol _
next state is s4 and write to head _
size is 25 and head is at 21
current state is s4 s4 and symbol is _ _
read state s4 and symbol _
accept
STOP!
input was 11011
]]></system-out>
  </testcase>
  <testcase name="test[13]" classname="turingmachine.PalindromeTest" time="0.01">
    <error type="java.lang.NullPointerException">java.lang.NullPointerException
	at turingmachine.PalindromeTest.test(PalindromeTest.java:129)
</error>
    <system-out><![CDATA[Start reading inside ndtm and input is 2000
read state s0 and symbol 2
next state is s3 and write to head _
size is 14 and head is at 2
current state is s3 s3 and symbol is 0 0
read state s3 and symbol 0
next state is s3 and write to head 0
size is 14 and head is at 3
current state is s3 s3 and symbol is 0 0
read state s3 and symbol 0
next state is s3 and write to head 0
size is 14 and head is at 4
current state is s3 s3 and symbol is 0 0
read state s3 and symbol 0
next state is s3 and write to head 0
size is 14 and head is at 5
current state is s3 s3 and symbol is _ _
read state s3 and symbol _
next state is s6 and write to head _
size is 14 and head is at 6
current state is s6 s6 and symbol is 0 0
read state s6 and symbol 0
can't find the key
!accept
read state s3 and symbol _
no more children to test on
]]></system-out>
  </testcase>
  <testcase name="test[14]" classname="turingmachine.PalindromeTest" time="0.011">
    <error type="java.lang.NullPointerException">java.lang.NullPointerException
	at turingmachine.PalindromeTest.test(PalindromeTest.java:141)
</error>
    <system-out><![CDATA[Start reading inside ndtm and input is 21112
read state s0 and symbol 2
next state is s3 and write to head _
size is 15 and head is at 2
current state is s3 s3 and symbol is 1 1
read state s3 and symbol 1
next state is s3 and write to head 1
size is 15 and head is at 3
current state is s3 s3 and symbol is 1 1
read state s3 and symbol 1
next state is s3 and write to head 1
size is 15 and head is at 4
current state is s3 s3 and symbol is 1 1
read state s3 and symbol 1
next state is s3 and write to head 1
size is 15 and head is at 5
current state is s3 s3 and symbol is 2 2
read state s3 and symbol 2
next state is s3 and write to head 2
size is 15 and head is at 6
current state is s3 s3 and symbol is _ _
read state s3 and symbol _
next state is s6 and write to head _
size is 15 and head is at 7
current state is s6 s6 and symbol is 2 2
read state s6 and symbol 2
next state is s7 and write to head _
size is 15 and head is at 8
current state is s7 s7 and symbol is 1 1
read state s7 and symbol 1
next state is s7 and write to head 1
size is 15 and head is at 9
current state is s7 s7 and symbol is 1 1
read state s7 and symbol 1
next state is s7 and write to head 1
size is 15 and head is at 10
current state is s7 s7 and symbol is 1 1
read state s7 and symbol 1
next state is s7 and write to head 1
size is 15 and head is at 11
current state is s7 s7 and symbol is _ _
read state s7 and symbol _
next state is s0 and write to head _
size is 15 and head is at 12
current state is s0 s0 and symbol is 1 1
read state s0 and symbol 1
next state is s2 and write to head _
size is 15 and head is at 13
current state is s2 s2 and symbol is 1 1
read state s2 and symbol 1
next state is s2 and write to head 1
size is 15 and head is at 14
current state is s2 s2 and symbol is 1 1
read state s2 and symbol 1
next state is s2 and write to head 1
size is 15 and head is at 15
current state is s2 s2 and symbol is _ _
read state s2 and symbol _
next state is s5 and write to head _
size is 25 and head is at 16
current state is s5 s5 and symbol is 1 1
read state s5 and symbol 1
next state is s7 and write to head _
size is 25 and head is at 17
current state is s7 s7 and symbol is 1 1
read state s7 and symbol 1
next state is s7 and write to head 1
size is 25 and head is at 18
current state is s7 s7 and symbol is _ _
read state s7 and symbol _
next state is s0 and write to head _
size is 25 and head is at 19
current state is s0 s0 and symbol is 1 1
read state s0 and symbol 1
next state is s2 and write to head _
size is 25 and head is at 20
current state is s2 s2 and symbol is _ _
read state s2 and symbol _
next state is s5 and write to head _
size is 25 and head is at 21
current state is s5 s5 and symbol is _ _
read state s5 and symbol _
accept
STOP!
input was 21112
]]></system-out>
  </testcase>
  <testcase name="test[15]" classname="turingmachine.PalindromeTest" time="0.01">
    <error type="java.lang.NullPointerException">java.lang.NullPointerException
	at turingmachine.PalindromeTest.test(PalindromeTest.java:129)
</error>
    <system-out><![CDATA[Start reading inside ndtm and input is 01212
read state s0 and symbol 0
next state is s1 and write to head _
size is 15 and head is at 2
current state is s1 s1 and symbol is 1 1
read state s1 and symbol 1
next state is s1 and write to head 1
size is 15 and head is at 3
current state is s1 s1 and symbol is 2 2
read state s1 and symbol 2
next state is s1 and write to head 2
size is 15 and head is at 4
current state is s1 s1 and symbol is 1 1
read state s1 and symbol 1
next state is s1 and write to head 1
size is 15 and head is at 5
current state is s1 s1 and symbol is 2 2
read state s1 and symbol 2
next state is s1 and write to head 2
size is 15 and head is at 6
current state is s1 s1 and symbol is _ _
read state s1 and symbol _
next state is s4 and write to head _
size is 15 and head is at 7
current state is s4 s4 and symbol is 2 2
read state s4 and symbol 2
can't find the key
!accept
read state s1 and symbol _
no more children to test on
]]></system-out>
  </testcase>
  <testcase name="test[16]" classname="turingmachine.PalindromeTest" time="0.011">
    <error type="java.lang.NullPointerException">java.lang.NullPointerException
	at turingmachine.PalindromeTest.test(PalindromeTest.java:129)
</error>
    <system-out><![CDATA[Start reading inside ndtm and input is 2122
read state s0 and symbol 2
next state is s3 and write to head _
size is 14 and head is at 2
current state is s3 s3 and symbol is 1 1
read state s3 and symbol 1
next state is s3 and write to head 1
size is 14 and head is at 3
current state is s3 s3 and symbol is 2 2
read state s3 and symbol 2
next state is s3 and write to head 2
size is 14 and head is at 4
current state is s3 s3 and symbol is 2 2
read state s3 and symbol 2
next state is s3 and write to head 2
size is 14 and head is at 5
current state is s3 s3 and symbol is _ _
read state s3 and symbol _
next state is s6 and write to head _
size is 14 and head is at 6
current state is s6 s6 and symbol is 2 2
read state s6 and symbol 2
next state is s7 and write to head _
size is 14 and head is at 7
current state is s7 s7 and symbol is 2 2
read state s7 and symbol 2
next state is s7 and write to head 2
size is 14 and head is at 8
current state is s7 s7 and symbol is 1 1
read state s7 and symbol 1
next state is s7 and write to head 1
size is 14 and head is at 9
current state is s7 s7 and symbol is _ _
read state s7 and symbol _
next state is s0 and write to head _
size is 14 and head is at 10
current state is s0 s0 and symbol is 1 1
read state s0 and symbol 1
next state is s2 and write to head _
size is 14 and head is at 11
current state is s2 s2 and symbol is 2 2
read state s2 and symbol 2
next state is s2 and write to head 2
size is 14 and head is at 12
current state is s2 s2 and symbol is _ _
read state s2 and symbol _
next state is s5 and write to head _
size is 14 and head is at 13
current state is s5 s5 and symbol is 2 2
read state s5 and symbol 2
can't find the key
!accept
read state s2 and symbol _
no more children to test on
]]></system-out>
  </testcase>
  <testcase name="test[17]" classname="turingmachine.PalindromeTest" time="0.01">
    <error type="java.lang.NullPointerException">java.lang.NullPointerException
	at turingmachine.PalindromeTest.test(PalindromeTest.java:129)
</error>
    <system-out><![CDATA[Start reading inside ndtm and input is 0120
read state s0 and symbol 0
next state is s1 and write to head _
size is 14 and head is at 2
current state is s1 s1 and symbol is 1 1
read state s1 and symbol 1
next state is s1 and write to head 1
size is 14 and head is at 3
current state is s1 s1 and symbol is 2 2
read state s1 and symbol 2
next state is s1 and write to head 2
size is 14 and head is at 4
current state is s1 s1 and symbol is 0 0
read state s1 and symbol 0
next state is s1 and write to head 0
size is 14 and head is at 5
current state is s1 s1 and symbol is _ _
read state s1 and symbol _
next state is s4 and write to head _
size is 14 and head is at 6
current state is s4 s4 and symbol is 0 0
read state s4 and symbol 0
next state is s7 and write to head _
size is 14 and head is at 7
current state is s7 s7 and symbol is 2 2
read state s7 and symbol 2
next state is s7 and write to head 2
size is 14 and head is at 8
current state is s7 s7 and symbol is 1 1
read state s7 and symbol 1
next state is s7 and write to head 1
size is 14 and head is at 9
current state is s7 s7 and symbol is _ _
read state s7 and symbol _
next state is s0 and write to head _
size is 14 and head is at 10
current state is s0 s0 and symbol is 1 1
read state s0 and symbol 1
next state is s2 and write to head _
size is 14 and head is at 11
current state is s2 s2 and symbol is 2 2
read state s2 and symbol 2
next state is s2 and write to head 2
size is 14 and head is at 12
current state is s2 s2 and symbol is _ _
read state s2 and symbol _
next state is s5 and write to head _
size is 14 and head is at 13
current state is s5 s5 and symbol is 2 2
read state s5 and symbol 2
can't find the key
!accept
read state s2 and symbol _
no more children to test on
]]></system-out>
  </testcase>
  <testcase name="test[18]" classname="turingmachine.PalindromeTest" time="0.012">
    <error type="java.lang.NullPointerException">java.lang.NullPointerException
	at turingmachine.PalindromeTest.test(PalindromeTest.java:129)
</error>
    <system-out><![CDATA[Start reading inside ndtm and input is 21011
read state s0 and symbol 2
next state is s3 and write to head _
size is 15 and head is at 2
current state is s3 s3 and symbol is 1 1
read state s3 and symbol 1
next state is s3 and write to head 1
size is 15 and head is at 3
current state is s3 s3 and symbol is 0 0
read state s3 and symbol 0
next state is s3 and write to head 0
size is 15 and head is at 4
current state is s3 s3 and symbol is 1 1
read state s3 and symbol 1
next state is s3 and write to head 1
size is 15 and head is at 5
current state is s3 s3 and symbol is 1 1
read state s3 and symbol 1
next state is s3 and write to head 1
size is 15 and head is at 6
current state is s3 s3 and symbol is _ _
read state s3 and symbol _
next state is s6 and write to head _
size is 15 and head is at 7
current state is s6 s6 and symbol is 1 1
read state s6 and symbol 1
can't find the key
!accept
read state s3 and symbol _
no more children to test on
]]></system-out>
  </testcase>
  <testcase name="test[19]" classname="turingmachine.PalindromeTest" time="0.01">
    <error type="java.lang.NullPointerException">java.lang.NullPointerException
	at turingmachine.PalindromeTest.test(PalindromeTest.java:129)
</error>
    <system-out><![CDATA[Start reading inside ndtm and input is 01211
read state s0 and symbol 0
next state is s1 and write to head _
size is 15 and head is at 2
current state is s1 s1 and symbol is 1 1
read state s1 and symbol 1
next state is s1 and write to head 1
size is 15 and head is at 3
current state is s1 s1 and symbol is 2 2
read state s1 and symbol 2
next state is s1 and write to head 2
size is 15 and head is at 4
current state is s1 s1 and symbol is 1 1
read state s1 and symbol 1
next state is s1 and write to head 1
size is 15 and head is at 5
current state is s1 s1 and symbol is 1 1
read state s1 and symbol 1
next state is s1 and write to head 1
size is 15 and head is at 6
current state is s1 s1 and symbol is _ _
read state s1 and symbol _
next state is s4 and write to head _
size is 15 and head is at 7
current state is s4 s4 and symbol is 1 1
read state s4 and symbol 1
can't find the key
!accept
read state s1 and symbol _
no more children to test on
]]></system-out>
  </testcase>
</testsuite>