<?xml version="1.0" encoding="UTF-8"?>
<testsuite xmlns:xsi="http://www.w3.org/2001/XMLSchema-instance" xsi:noNamespaceSchemaLocation="https://maven.apache.org/surefire/maven-surefire-plugin/xsd/surefire-test-report.xsd" name="turingmachine.PalindromeTest" time="0.817" tests="3" errors="0" skipped="0" failures="0">
  <properties>
[...]
</properties>
  <testcase name="test[0]" classname="turingmachine.PalindromeTest" time="0.331"/>
  <testcase name="test[1]" classname="turingmachine.PalindromeTest" time="0.143"/>
  <testcase name="test[2]" classname="turingmachine.PalindromeTest" time="0.155"/>
</testsuite>