-------------------------------------------------------------------------------
Test set: turingmachine.PalindromeTest
-------------------------------------------------------------------------------
Tests run: 20, Failures: 0, Errors: 20, Skipped: 0, Time elapsed: 0.33 s <<< FAILURE! - in turingmachine.PalindromeTest
test[0](turingmachine.PalindromeTest)  Time elapsed: 0.037 s  <<< ERROR!
java.lang.NullPointerException
	at turingmachine.PalindromeTest.test(PalindromeTest.java:141)

test[1](turingmachine.PalindromeTest)  Time elapsed: 0.014 s  <<< ERROR!
java.lang.NullPointerException
	at turingmachine.PalindromeTest.test(PalindromeTest.java:129)

test[2](turingmachine.PalindromeTest)  Time elapsed: 0.019 s  <<< ERROR!
java.lang.NullPointerException
	at turingmachine.PalindromeTest.test(PalindromeTest.java:141)

test[3](turingmachine.PalindromeTest)  Time elapsed: 0.009 s  <<< ERROR!
java.lang.NullPointerException
	at turingmachine.PalindromeTest.test(PalindromeTest.java:129)

test[4](turingmachine.PalindromeTest)  Time elapsed: 0.015 s  <<< ERROR!
java.lang.NullPointerException
	at turingmachine.PalindromeTest.test(PalindromeTest.java:129)

test[5](turingmachine.PalindromeTest)  Time elapsed: 0.012 s  <<< ERROR!
java.lang.NullPointerException
	at turingmachine.PalindromeTest.test(PalindromeTest.java:129)

test[6](turingmachine.PalindromeTest)  Time elapsed: 0.013 s  <<< ERROR!
java.lang.NullPointerException
	at turingmachine.PalindromeTest.test(PalindromeTest.java:129)

test[7](turingmachine.PalindromeTest)  Time elapsed: 0.01 s  <<< ERROR!
java.lang.NullPointerException
	at turingmachine.PalindromeTest.test(PalindromeTest.java:129)

test[8](turingmachine.PalindromeTest)  Time elapsed: 0.013 s  <<< ERROR!
java.lang.NullPointerException
	at turingmachine.PalindromeTest.test(PalindromeTest.java:129)

test[9](turingmachine.PalindromeTest)  Time elapsed: 0.012 s  <<< ERROR!
java.lang.NullPointerException
	at turingmachine.PalindromeTest.test(PalindromeTest.java:129)

test[10](turingmachine.PalindromeTest)  Time elapsed: 0.012 s  <<< ERROR!
java.lang.NullPointerException
	at turingmachine.PalindromeTest.test(PalindromeTest.java:129)

test[11](turingmachine.PalindromeTest)  Time elapsed: 0.01 s  <<< ERROR!
java.lang.NullPointerException
	at turingmachine.PalindromeTest.test(PalindromeTest.java:129)

test[12](turingmachine.PalindromeTest)  Time elapsed: 0.011 s  <<< ERROR!
java.lang.NullPointerException
	at turingmachine.PalindromeTest.test(PalindromeTest.java:141)

test[13](turingmachine.PalindromeTest)  Time elapsed: 0.01 s  <<< ERROR!
java.lang.NullPointerException
	at turingmachine.PalindromeTest.test(PalindromeTest.java:129)

test[14](turingmachine.PalindromeTest)  Time elapsed: 0.011 s  <<< ERROR!
java.lang.NullPointerException
	at turingmachine.PalindromeTest.test(PalindromeTest.java:141)

test[15](turingmachine.PalindromeTest)  Time elapsed: 0.01 s  <<< ERROR!
java.lang.NullPointerException
	at turingmachine.PalindromeTest.test(PalindromeTest.java:129)

test[16](turingmachine.PalindromeTest)  Time elapsed: 0.011 s  <<< ERROR!
java.lang.NullPointerException
	at turingmachine.PalindromeTest.test(PalindromeTest.java:129)

test[17](turingmachine.PalindromeTest)  Time elapsed: 0.01 s  <<< ERROR!
java.lang.NullPointerException
	at turingmachine.PalindromeTest.test(PalindromeTest.java:129)

test[18](turingmachine.PalindromeTest)  Time elapsed: 0.012 s  <<< ERROR!
java.lang.NullPointerException
	at turingmachine.PalindromeTest.test(PalindromeTest.java:129)

test[19](turingmachine.PalindromeTest)  Time elapsed: 0.01 s  <<< ERROR!
java.lang.NullPointerException
	at turingmachine.PalindromeTest.test(PalindromeTest.java:129)

