-------------------------------------------------------------------------------
Test set: turingmachine.Test
-------------------------------------------------------------------------------
Tests run: 10, Failures: 3, Errors: 0, Skipped: 0, Time elapsed: 0.063 s <<< FAILURE! - in turingmachine.Test
test[1](turingmachine.Test)  Time elapsed: 0.001 s  <<< FAILURE!
junit.framework.AssertionFailedError: expected:<false> but was:<true>
	at turingmachine.Test.test(Test.java:108)

test[4](turingmachine.Test)  Time elapsed: 0.009 s  <<< FAILURE!
junit.framework.AssertionFailedError: expected:<false> but was:<true>
	at turingmachine.Test.test(Test.java:108)

test[8](turingmachine.Test)  Time elapsed: 0.008 s  <<< FAILURE!
junit.framework.AssertionFailedError: expected:<false> but was:<true>
	at turingmachine.Test.test(Test.java:108)

